True_pulse_Data/HelloVivaLINK_SDK-01/app/build/intermediates/manifest_merge_blame_file/debug/processDebugMainManifest/manifest-merger-blame-debug-report.txt
1<?xml version="1.0" encoding="utf-8"?>
2<manifest xmlns:android="http://schemas.android.com/apk/res/android"
3    package="com.example.myapplication.vivalnkdemo"
4    android:versionCode="1"
5    android:versionName="1.0" >
6
7    <uses-sdk
8        android:minSdkVersion="21"
9        android:targetSdkVersion="35" />
10
11    <uses-permission android:name="android.permission.READ_EXTERNAL_STORAGE" />
11-->src\main\AndroidManifest.xml:5:3-78
11-->src\main\AndroidManifest.xml:5:20-75
12    <uses-permission android:name="android.permission.WRITE_EXTERNAL_STORAGE" />
12-->src\main\AndroidManifest.xml:6:3-79
12-->src\main\AndroidManifest.xml:6:20-76
13    <uses-permission android:name="android.permission.MANAGE_EXTERNAL_STORAGE" />
13-->src\main\AndroidManifest.xml:7:3-80
13-->src\main\AndroidManifest.xml:7:20-77
14    <uses-permission android:name="android.permission.ACCESS_BACKGROUND_LOCATION" />
14-->src\main\AndroidManifest.xml:8:3-82
14-->src\main\AndroidManifest.xml:8:20-80
15
16    <uses-feature
16-->src\main\AndroidManifest.xml:10:3-13:42
17        android:name="android.hardware.bluetooth_le"
17-->src\main\AndroidManifest.xml:11:7-51
18        android:required="false" />
18-->src\main\AndroidManifest.xml:12:7-31
19
20    <!-- Request legacy Bluetooth permissions on older devices. -->
21    <uses-permission
21-->[sdk-core-v3.3.3.2807.aar] AndroidManifest.xml:9:5-11:38
22        android:name="android.permission.BLUETOOTH"
22-->[sdk-core-v3.3.3.2807.aar] AndroidManifest.xml:10:9-52
23        android:maxSdkVersion="30" />
23-->[sdk-core-v3.3.3.2807.aar] AndroidManifest.xml:11:9-35
24    <uses-permission
24-->[sdk-core-v3.3.3.2807.aar] AndroidManifest.xml:12:5-14:38
25        android:name="android.permission.BLUETOOTH_ADMIN"
25-->[sdk-core-v3.3.3.2807.aar] AndroidManifest.xml:13:9-58
26        android:maxSdkVersion="30" />
26-->[sdk-core-v3.3.3.2807.aar] AndroidManifest.xml:14:9-35
27    <!--
28       Needed only if your app looks for Bluetooth devices.
29       If your app doesn't use Bluetooth scan results to derive physical
30       location information, you can strongly assert that your app
31       doesn't derive physical location.
32    -->
33    <uses-permission android:name="android.permission.BLUETOOTH_ADVERTISE" />
33-->[sdk-core-v3.3.3.2807.aar] AndroidManifest.xml:21:5-78
33-->[sdk-core-v3.3.3.2807.aar] AndroidManifest.xml:21:22-75
34    <uses-permission
34-->[sdk-core-v3.3.3.2807.aar] AndroidManifest.xml:22:5-25:31
35        android:name="android.permission.BLUETOOTH_SCAN"
35-->[sdk-core-v3.3.3.2807.aar] AndroidManifest.xml:23:9-57
36        android:usesPermissionFlags="neverForLocation" /> <!-- Needed only if your app makes the device discoverable to Bluetooth devices. -->
36-->[sdk-core-v3.3.3.2807.aar] AndroidManifest.xml:24:9-55
37    <!-- <uses-permission android:name="android.permission.BLUETOOTH_ADVERTISE" /> -->
38    <!-- Needed only if your app communicates with already-paired Bluetooth devices. -->
39    <uses-permission android:name="android.permission.BLUETOOTH_CONNECT" /> <!-- Needed only if your app uses Bluetooth scan results to derive physical location. -->
39-->[sdk-core-v3.3.3.2807.aar] AndroidManifest.xml:29:5-76
39-->[sdk-core-v3.3.3.2807.aar] AndroidManifest.xml:29:22-73
40    <uses-permission android:name="android.permission.ACCESS_COARSE_LOCATION" />
40-->[sdk-core-v3.3.3.2807.aar] AndroidManifest.xml:32:5-81
40-->[sdk-core-v3.3.3.2807.aar] AndroidManifest.xml:32:22-78
41    <uses-permission android:name="android.permission.ACCESS_FINE_LOCATION" />
41-->[sdk-core-v3.3.3.2807.aar] AndroidManifest.xml:33:5-79
41-->[sdk-core-v3.3.3.2807.aar] AndroidManifest.xml:33:22-76
42    <uses-permission android:name="android.permission.WAKE_LOCK" /> <!-- Required to provide the web interface -->
42-->[sdk-core-v3.3.3.2807.aar] AndroidManifest.xml:34:5-68
42-->[sdk-core-v3.3.3.2807.aar] AndroidManifest.xml:34:22-65
43    <uses-permission android:name="android.permission.INTERNET" /> <!-- For BP5S Internet communication and detect/manage Wi-Fi state -->
43-->[sdk-core-v3.3.3.2807.aar] AndroidManifest.xml:37:5-67
43-->[sdk-core-v3.3.3.2807.aar] AndroidManifest.xml:37:22-64
44    <uses-permission android:name="android.permission.INTERNET" />
44-->[sdk-core-v3.3.3.2807.aar] AndroidManifest.xml:37:5-67
44-->[sdk-core-v3.3.3.2807.aar] AndroidManifest.xml:37:22-64
45    <uses-permission android:name="android.permission.ACCESS_NETWORK_STATE" />
45-->[sdk-core-v3.3.3.2807.aar] AndroidManifest.xml:38:5-79
45-->[sdk-core-v3.3.3.2807.aar] AndroidManifest.xml:38:22-76
46    <uses-permission android:name="android.permission.ACCESS_NETWORK_STATE" />
46-->[sdk-core-v3.3.3.2807.aar] AndroidManifest.xml:38:5-79
46-->[sdk-core-v3.3.3.2807.aar] AndroidManifest.xml:38:22-76
47    <uses-permission android:name="android.permission.ACCESS_WIFI_STATE" />
47-->[sdk-core-v3.3.3.2807.aar] AndroidManifest.xml:39:5-76
47-->[sdk-core-v3.3.3.2807.aar] AndroidManifest.xml:39:22-73
48    <uses-permission android:name="android.permission.ACCESS_WIFI_STATE" /> <!-- Required to run keep-alive service when targeting API 28 or higher -->
48-->[sdk-core-v3.3.3.2807.aar] AndroidManifest.xml:39:5-76
48-->[sdk-core-v3.3.3.2807.aar] AndroidManifest.xml:39:22-73
49    <uses-permission android:name="android.permission.FOREGROUND_SERVICE" />
49-->[sdk-core-v3.3.3.2807.aar] AndroidManifest.xml:41:5-77
49-->[sdk-core-v3.3.3.2807.aar] AndroidManifest.xml:41:22-74
50    <uses-permission android:name="android.permission.CHANGE_WIFI_STATE" />
50-->[sdk-core-v3.3.3.2807.aar] AndroidManifest.xml:47:5-76
50-->[sdk-core-v3.3.3.2807.aar] AndroidManifest.xml:47:22-73
51    <uses-permission android:name="android.permission.CHANGE_WIFI_MULTICAST_STATE" />
51-->[sdk-core-v3.3.3.2807.aar] AndroidManifest.xml:48:5-86
51-->[sdk-core-v3.3.3.2807.aar] AndroidManifest.xml:48:22-83
52    <uses-permission android:name="android.permission.FOREGROUND_SERVICE_CONNECTED_DEVICE" />
52-->[sdk-core-v3.3.3.2807.aar] AndroidManifest.xml:49:5-94
52-->[sdk-core-v3.3.3.2807.aar] AndroidManifest.xml:49:22-91
53    <uses-permission android:name="android.permission.SCHEDULE_EXACT_ALARM" />
53-->[sdk-core-v3.3.3.2807.aar] AndroidManifest.xml:50:5-79
53-->[sdk-core-v3.3.3.2807.aar] AndroidManifest.xml:50:22-76
54    <uses-permission android:name="no.nordicsemi.android.LOG" />
54-->[no.nordicsemi.android:log:2.3.0] AndroidManifest.xml:41:5-65
54-->[no.nordicsemi.android:log:2.3.0] AndroidManifest.xml:41:22-62
55
56    <permission
56-->[androidx.core:core:1.13.1] AndroidManifest.xml:22:5-24:47
57        android:name="com.example.myapplication.vivalnkdemo.DYNAMIC_RECEIVER_NOT_EXPORTED_PERMISSION"
57-->[androidx.core:core:1.13.1] AndroidManifest.xml:23:9-81
58        android:protectionLevel="signature" />
58-->[androidx.core:core:1.13.1] AndroidManifest.xml:24:9-44
59
60    <uses-permission android:name="com.example.myapplication.vivalnkdemo.DYNAMIC_RECEIVER_NOT_EXPORTED_PERMISSION" />
60-->[androidx.core:core:1.13.1] AndroidManifest.xml:26:5-97
60-->[androidx.core:core:1.13.1] AndroidManifest.xml:26:22-94
61
62    <application
62-->src\main\AndroidManifest.xml:15:3-30:17
63        android:allowBackup="true"
63-->src\main\AndroidManifest.xml:16:5-31
64        android:appComponentFactory="androidx.core.app.CoreComponentFactory"
64-->[androidx.core:core:1.13.1] AndroidManifest.xml:28:18-86
65        android:debuggable="true"
66        android:extractNativeLibs="true"
67        android:icon="@mipmap/ic_launcher"
67-->src\main\AndroidManifest.xml:17:5-39
68        android:label="@string/app_name"
68-->src\main\AndroidManifest.xml:18:5-37
69        android:requestLegacyExternalStorage="true"
69-->src\main\AndroidManifest.xml:21:5-48
70        android:roundIcon="@mipmap/ic_launcher_round"
70-->src\main\AndroidManifest.xml:19:5-50
71        android:supportsRtl="true"
71-->src\main\AndroidManifest.xml:20:5-31
72        android:theme="@style/AppTheme" >
72-->src\main\AndroidManifest.xml:22:5-36
73        <activity
73-->src\main\AndroidManifest.xml:23:5-29:16
74            android:name="com.example.myapplication.vivalnkdemo.MainActivity"
74-->src\main\AndroidManifest.xml:23:15-43
75            android:exported="true" >
75-->src\main\AndroidManifest.xml:24:7-30
76            <intent-filter>
76-->src\main\AndroidManifest.xml:25:7-28:23
77                <action android:name="android.intent.action.MAIN" />
77-->src\main\AndroidManifest.xml:26:9-61
77-->src\main\AndroidManifest.xml:26:17-58
78
79                <category android:name="android.intent.category.LAUNCHER" />
79-->src\main\AndroidManifest.xml:27:9-69
79-->src\main\AndroidManifest.xml:27:19-66
80            </intent-filter>
81        </activity>
82        <activity android:name="com.vivalnk.sdk.ble.ota.NotificationActivity" /> <!-- Service -->
82-->[sdk-core-v3.3.3.2807.aar] AndroidManifest.xml:57:9-81
82-->[sdk-core-v3.3.3.2807.aar] AndroidManifest.xml:57:19-78
83        <service
83-->[sdk-core-v3.3.3.2807.aar] AndroidManifest.xml:59:9-68:19
84            android:name="com.vivalnk.sdk.ble.dfu.DfuService"
84-->[sdk-core-v3.3.3.2807.aar] AndroidManifest.xml:60:13-62
85            android:exported="false"
85-->[sdk-core-v3.3.3.2807.aar] AndroidManifest.xml:61:13-37
86            android:foregroundServiceType="connectedDevice" >
86-->[sdk-core-v3.3.3.2807.aar] AndroidManifest.xml:62:13-60
87            <intent-filter>
87-->[sdk-core-v3.3.3.2807.aar] AndroidManifest.xml:63:13-67:29
88                <action android:name="no.nordicsemi.android.action.DFU_UPLOAD" />
88-->[sdk-core-v3.3.3.2807.aar] AndroidManifest.xml:64:17-82
88-->[sdk-core-v3.3.3.2807.aar] AndroidManifest.xml:64:25-79
89
90                <category android:name="android.intent.category.DEFAULT" />
90-->[sdk-core-v3.3.3.2807.aar] AndroidManifest.xml:66:17-76
90-->[sdk-core-v3.3.3.2807.aar] AndroidManifest.xml:66:27-73
91            </intent-filter>
92        </service>
93        <service
93-->[sdk-core-v3.3.3.2807.aar] AndroidManifest.xml:69:9-72:63
94            android:name="com.vivalnk.vdireaderimpl.VDIBleService"
94-->[sdk-core-v3.3.3.2807.aar] AndroidManifest.xml:70:13-67
95            android:exported="false"
95-->[sdk-core-v3.3.3.2807.aar] AndroidManifest.xml:71:13-37
96            android:foregroundServiceType="connectedDevice" /> <!-- //for BP5S -->
96-->[sdk-core-v3.3.3.2807.aar] AndroidManifest.xml:72:13-60
97        <service
97-->[sdk-core-v3.3.3.2807.aar] AndroidManifest.xml:75:9-78:63
98            android:name="com.ido.ble.bluetooth.DeviceConnectService"
98-->[sdk-core-v3.3.3.2807.aar] AndroidManifest.xml:76:13-70
99            android:exported="false"
99-->[sdk-core-v3.3.3.2807.aar] AndroidManifest.xml:77:13-37
100            android:foregroundServiceType="connectedDevice" />
100-->[sdk-core-v3.3.3.2807.aar] AndroidManifest.xml:78:13-60
101        <service
101-->[sdk-core-v3.3.3.2807.aar] AndroidManifest.xml:79:9-83:63
102            android:name="com.ido.ble.dfu.DFUService"
102-->[sdk-core-v3.3.3.2807.aar] AndroidManifest.xml:80:13-54
103            android:enabled="true"
103-->[sdk-core-v3.3.3.2807.aar] AndroidManifest.xml:81:13-35
104            android:exported="false"
104-->[sdk-core-v3.3.3.2807.aar] AndroidManifest.xml:82:13-37
105            android:foregroundServiceType="connectedDevice" />
105-->[sdk-core-v3.3.3.2807.aar] AndroidManifest.xml:83:13-60
106        <service
106-->[sdk-core-v3.3.3.2807.aar] AndroidManifest.xml:84:9-86:40
107            android:name="com.vivalnk.android.support.v18.scanner.ScannerService"
107-->[sdk-core-v3.3.3.2807.aar] AndroidManifest.xml:85:13-82
108            android:exported="false" />
108-->[sdk-core-v3.3.3.2807.aar] AndroidManifest.xml:86:13-37
109        <!--
110    The receiver used to scan with PendingIntent on Android 8+.
111    It will translate results from android.bluetooth.le package to
112    no.nordicsemi.android.support.v18, apply filters or perform batching,
113    depending on the settings.
114        -->
115        <receiver
115-->[sdk-core-v3.3.3.2807.aar] AndroidManifest.xml:94:9-101:20
116            android:name="com.vivalnk.android.support.v18.scanner.PendingIntentReceiver"
116-->[sdk-core-v3.3.3.2807.aar] AndroidManifest.xml:95:13-89
117            android:exported="true" >
117-->[sdk-core-v3.3.3.2807.aar] AndroidManifest.xml:96:13-36
118            <intent-filter>
118-->[sdk-core-v3.3.3.2807.aar] AndroidManifest.xml:98:13-100:29
119                <action android:name="com.vivalnk.android.support.v18.ACTION_FOUND" />
119-->[sdk-core-v3.3.3.2807.aar] AndroidManifest.xml:99:17-87
119-->[sdk-core-v3.3.3.2807.aar] AndroidManifest.xml:99:25-84
120            </intent-filter>
121        </receiver>
122
123        <service
123-->[androidx.room:room-runtime:2.4.2] AndroidManifest.xml:25:9-28:40
124            android:name="androidx.room.MultiInstanceInvalidationService"
124-->[androidx.room:room-runtime:2.4.2] AndroidManifest.xml:26:13-74
125            android:directBootAware="true"
125-->[androidx.room:room-runtime:2.4.2] AndroidManifest.xml:27:13-43
126            android:exported="false" />
126-->[androidx.room:room-runtime:2.4.2] AndroidManifest.xml:28:13-37
127        <!--
128		Service used to scan in background to emulate scanning with
129		PendingIntent on Android 4.3 - 7.x. Service will scan in background with given
130		settings and filters.
131        -->
132        <service
132-->[no.nordicsemi.android.support.v18:scanner:1.4.3] AndroidManifest.xml:31:9-33:40
133            android:name="no.nordicsemi.android.support.v18.scanner.ScannerService"
133-->[no.nordicsemi.android.support.v18:scanner:1.4.3] AndroidManifest.xml:32:13-84
134            android:exported="false" />
134-->[no.nordicsemi.android.support.v18:scanner:1.4.3] AndroidManifest.xml:33:13-37
135        <!--
136		The receiver used to scan with PendingIntent on Android 8+.
137		It will translate results from android.bluetooth.le package to
138		no.nordicsemi.android.support.v18, apply filters or perform batching,
139		depending on the settings.
140        -->
141        <receiver
141-->[no.nordicsemi.android.support.v18:scanner:1.4.3] AndroidManifest.xml:41:9-48:20
142            android:name="no.nordicsemi.android.support.v18.scanner.PendingIntentReceiver"
142-->[no.nordicsemi.android.support.v18:scanner:1.4.3] AndroidManifest.xml:42:13-91
143            android:exported="true" >
143-->[no.nordicsemi.android.support.v18:scanner:1.4.3] AndroidManifest.xml:43:13-36
144            <intent-filter>
144-->[no.nordicsemi.android.support.v18:scanner:1.4.3] AndroidManifest.xml:45:13-47:29
145                <action android:name="no.nordicsemi.android.support.v18.ACTION_FOUND" />
145-->[no.nordicsemi.android.support.v18:scanner:1.4.3] AndroidManifest.xml:46:17-89
145-->[no.nordicsemi.android.support.v18:scanner:1.4.3] AndroidManifest.xml:46:25-86
146            </intent-filter>
147        </receiver>
148
149        <provider
149-->[androidx.profileinstaller:profileinstaller:1.3.0] AndroidManifest.xml:24:9-32:20
150            android:name="androidx.startup.InitializationProvider"
150-->[androidx.profileinstaller:profileinstaller:1.3.0] AndroidManifest.xml:25:13-67
151            android:authorities="com.example.myapplication.vivalnkdemo.androidx-startup"
151-->[androidx.profileinstaller:profileinstaller:1.3.0] AndroidManifest.xml:26:13-68
152            android:exported="false" >
152-->[androidx.profileinstaller:profileinstaller:1.3.0] AndroidManifest.xml:27:13-37
153            <meta-data
153-->[androidx.profileinstaller:profileinstaller:1.3.0] AndroidManifest.xml:29:13-31:52
154                android:name="androidx.profileinstaller.ProfileInstallerInitializer"
154-->[androidx.profileinstaller:profileinstaller:1.3.0] AndroidManifest.xml:30:17-85
155                android:value="androidx.startup" />
155-->[androidx.profileinstaller:profileinstaller:1.3.0] AndroidManifest.xml:31:17-49
156        </provider>
157
158        <receiver
158-->[androidx.profileinstaller:profileinstaller:1.3.0] AndroidManifest.xml:34:9-52:20
159            android:name="androidx.profileinstaller.ProfileInstallReceiver"
159-->[androidx.profileinstaller:profileinstaller:1.3.0] AndroidManifest.xml:35:13-76
160            android:directBootAware="false"
160-->[androidx.profileinstaller:profileinstaller:1.3.0] AndroidManifest.xml:36:13-44
161            android:enabled="true"
161-->[androidx.profileinstaller:profileinstaller:1.3.0] AndroidManifest.xml:37:13-35
162            android:exported="true"
162-->[androidx.profileinstaller:profileinstaller:1.3.0] AndroidManifest.xml:38:13-36
163            android:permission="android.permission.DUMP" >
163-->[androidx.profileinstaller:profileinstaller:1.3.0] AndroidManifest.xml:39:13-57
164            <intent-filter>
164-->[androidx.profileinstaller:profileinstaller:1.3.0] AndroidManifest.xml:40:13-42:29
165                <action android:name="androidx.profileinstaller.action.INSTALL_PROFILE" />
165-->[androidx.profileinstaller:profileinstaller:1.3.0] AndroidManifest.xml:41:17-91
165-->[androidx.profileinstaller:profileinstaller:1.3.0] AndroidManifest.xml:41:25-88
166            </intent-filter>
167            <intent-filter>
167-->[androidx.profileinstaller:profileinstaller:1.3.0] AndroidManifest.xml:43:13-45:29
168                <action android:name="androidx.profileinstaller.action.SKIP_FILE" />
168-->[androidx.profileinstaller:profileinstaller:1.3.0] AndroidManifest.xml:44:17-85
168-->[androidx.profileinstaller:profileinstaller:1.3.0] AndroidManifest.xml:44:25-82
169            </intent-filter>
170            <intent-filter>
170-->[androidx.profileinstaller:profileinstaller:1.3.0] AndroidManifest.xml:46:13-48:29
171                <action android:name="androidx.profileinstaller.action.SAVE_PROFILE" />
171-->[androidx.profileinstaller:profileinstaller:1.3.0] AndroidManifest.xml:47:17-88
171-->[androidx.profileinstaller:profileinstaller:1.3.0] AndroidManifest.xml:47:25-85
172            </intent-filter>
173            <intent-filter>
173-->[androidx.profileinstaller:profileinstaller:1.3.0] AndroidManifest.xml:49:13-51:29
174                <action android:name="androidx.profileinstaller.action.BENCHMARK_OPERATION" />
174-->[androidx.profileinstaller:profileinstaller:1.3.0] AndroidManifest.xml:50:17-95
174-->[androidx.profileinstaller:profileinstaller:1.3.0] AndroidManifest.xml:50:25-92
175            </intent-filter>
176        </receiver>
177    </application>
178
179</manifest>